\i test/sql/setup.inc
\set ECHO none
-- test ANALYZE
CREATE FOREIGN TABLE kafka_analyze_json (
    part int OPTIONS (partition 'true'),
    offs bigint OPTIONS (offset 'true'),
    some_int int OPTIONS (json 'int_val'),
    some_text text OPTIONS (json 'text_val'),
    some_date date OPTIONS (json 'date_val'),
    some_time timestamp OPTIONS (json 'time_val')
)
SERVER kafka_server OPTIONS
    (format 'json', topic 'contrib_regress_json', batch_size '30', buffer_delay '500');
-- set default costs so that local settings won't affect the test
SET seq_page_cost     = 1.0;
SET cpu_tuple_cost    = 0.01;
SET cpu_operator_cost = 0.0025;
SET max_parallel_workers_per_gather = 0;
ERROR:  unrecognized configuration parameter "max_parallel_workers_per_gather"
-- without statistics
EXPLAIN SELECT FROM kafka_analyze_json WHERE some_int < 50;
                                   QUERY PLAN                                    
---------------------------------------------------------------------------------
 Foreign Scan on kafka_analyze_json  (cost=100.00..13683.33 rows=100000 width=0)
   Filter: (some_int < 50)
   Kafka topic: contrib_regress_json
   scanning: PARTITION >= 0 AND OFFSET >= 0
(4 rows)

EXPLAIN SELECT FROM kafka_analyze_json WHERE some_int < 500;
                                   QUERY PLAN                                    
---------------------------------------------------------------------------------
 Foreign Scan on kafka_analyze_json  (cost=100.00..13683.33 rows=100000 width=0)
   Filter: (some_int < 500)
   Kafka topic: contrib_regress_json
   scanning: PARTITION >= 0 AND OFFSET >= 0
(4 rows)

EXPLAIN SELECT FROM kafka_analyze_json WHERE some_int > 50000;
                                   QUERY PLAN                                    
---------------------------------------------------------------------------------
 Foreign Scan on kafka_analyze_json  (cost=100.00..13683.33 rows=100000 width=0)
   Filter: (some_int > 50000)
   Kafka topic: contrib_regress_json
   scanning: PARTITION >= 0 AND OFFSET >= 0
(4 rows)

-- with statistics
ANALYZE kafka_analyze_json;
EXPLAIN SELECT FROM kafka_analyze_json WHERE some_int < 50;
                                QUERY PLAN                                 
---------------------------------------------------------------------------
 Foreign Scan on kafka_analyze_json  (cost=100.00..101.36 rows=10 width=0)
   Filter: (some_int < 50)
   Kafka topic: contrib_regress_json
   scanning: PARTITION >= 0 AND OFFSET >= 0
(4 rows)

EXPLAIN SELECT FROM kafka_analyze_json WHERE some_int < 500;
                                QUERY PLAN                                 
---------------------------------------------------------------------------
 Foreign Scan on kafka_analyze_json  (cost=100.00..110.87 rows=80 width=0)
   Filter: (some_int < 500)
   Kafka topic: contrib_regress_json
   scanning: PARTITION >= 0 AND OFFSET >= 0
(4 rows)

EXPLAIN SELECT FROM kafka_analyze_json WHERE some_int > 50000;
                                   QUERY PLAN                                   
--------------------------------------------------------------------------------
 Foreign Scan on kafka_analyze_json  (cost=100.00..12982.43 rows=94840 width=0)
   Filter: (some_int > 50000)
   Kafka topic: contrib_regress_json
   scanning: PARTITION >= 0 AND OFFSET >= 0
(4 rows)

